# JRE version: OpenJDK Runtime Environment (8.0_212-b04) (build 1.8.0_212-b04)
# Java VM: OpenJDK 64-Bit Server VM (25.212-b04 mixed mode linux-aarch64 compressed oops)
Heap:
 def new generation   total 12416K, used 11715K [0x00000000f1c00000, 0x00000000f2970000, 0x00000000f6800000)
  eden space 11072K,  94% used [0x00000000f1c00000, 0x00000000f262ca60, 0x00000000f26d0000)
  from space 1344K,  96% used [0x00000000f2820000, 0x00000000f2964298, 0x00000000f2970000)
  to   space 1344K,   0% used [0x00000000f26d0000, 0x00000000f26d0000, 0x00000000f2820000)
 tenured generation   total 27404K, used 26343K [0x00000000f6800000, 0x00000000f82c3000, 0x0000000100000000)
   the space 27404K,  96% used [0x00000000f6800000, 0x00000000f81b9f58, 0x00000000f81ba000, 0x00000000f82c3000)
 Metaspace       used 64039K, capacity 67672K, committed 67712K, reserved 1107968K
  class space    used 8486K, capacity 9088K, committed 9088K, reserved 1048576K
GC Heap History (10 events):
Event: 168.931 GC heap before
{Heap before GC invocations=1131 (full 3):
 def new generation   total 12416K, used 11980K [0x00000000f1c00000, 0x00000000f2970000, 0x00000000f6800000)
  eden space 11072K, 100% used [0x00000000f1c00000, 0x00000000f26d0000, 0x00000000f26d0000)
  from space 1344K,  67% used [0x00000000f26d0000, 0x00000000f27b3348, 0x00000000f2820000)
  to   space 1344K,   0% used [0x00000000f2820000, 0x00000000f2820000, 0x00000000f2970000)
 tenured generation   total 27404K, used 25157K [0x00000000f6800000, 0x00000000f82c3000, 0x0000000100000000)
   the space 27404K,  91% used [0x00000000f6800000, 0x00000000f8091690, 0x00000000f8091800, 0x00000000f82c3000)
 Metaspace       used 62350K, capacity 65494K, committed 65664K, reserved 1105920K
  class space    used 8258K, capacity 8815K, committed 8832K, reserved 1048576K
Event: 168.980 GC heap after
Heap after GC invocations=1132 (full 3):
 def new generation   total 12416K, used 1343K [0x00000000f1c00000, 0x00000000f2970000, 0x00000000f6800000)
  eden space 11072K,   0% used [0x00000000f1c00000, 0x00000000f1c00000, 0x00000000f26d0000)
  from space 1344K,  99% used [0x00000000f2820000, 0x00000000f296fff8, 0x00000000f2970000)
  to   space 1344K,   0% used [0x00000000f26d0000, 0x00000000f26d0000, 0x00000000f2820000)
 tenured generation   total 27404K, used 25654K [0x00000000f6800000, 0x00000000f82c3000, 0x0000000100000000)
   the space 27404K,  93% used [0x00000000f6800000, 0x00000000f810da58, 0x00000000f810dc00, 0x00000000f82c3000)
 Metaspace       used 62350K, capacity 65494K, committed 65664K, reserved 1105920K
  class space    used 8258K, capacity 8815K, committed 8832K, reserved 1048576K
}
Event: 169.814 GC heap before
{Heap before GC invocations=1132 (full 3):
 def new generation   total 12416K, used 12415K [0x00000000f1c00000, 0x00000000f2970000, 0x00000000f6800000)
  eden space 11072K, 100% used [0x00000000f1c00000, 0x00000000f26d0000, 0x00000000f26d0000)
  from space 1344K,  99% used [0x00000000f2820000, 0x00000000f296fff8, 0x00000000f2970000)
  to   space 1344K,   0% used [0x00000000f26d0000, 0x00000000f26d0000, 0x00000000f2820000)
 tenured generation   total 27404K, used 25654K [0x00000000f6800000, 0x00000000f82c3000, 0x0000000100000000)
   the space 27404K,  93% used [0x00000000f6800000, 0x00000000f810da58, 0x00000000f810dc00, 0x00000000f82c3000)
 Metaspace       used 62681K, capacity 65882K, committed 66048K, reserved 1105920K
  class space    used 8298K, capacity 8853K, committed 8960K, reserved 1048576K
Event: 169.843 GC heap after
Heap after GC invocations=1133 (full 3):
 def new generation   total 12416K, used 258K [0x00000000f1c00000, 0x00000000f2970000, 0x00000000f6800000)
  eden space 11072K,   0% used [0x00000000f1c00000, 0x00000000f1c00000, 0x00000000f26d0000)
  from space 1344K,  19% used [0x00000000f26d0000, 0x00000000f2710938, 0x00000000f2820000)
  to   space 1344K,   0% used [0x00000000f2820000, 0x00000000f2820000, 0x00000000f2970000)
 tenured generation   total 27404K, used 26343K [0x00000000f6800000, 0x00000000f82c3000, 0x0000000100000000)
   the space 27404K,  96% used [0x00000000f6800000, 0x00000000f81b9f58, 0x00000000f81ba000, 0x00000000f82c3000)
 Metaspace       used 62681K, capacity 65882K, committed 66048K, reserved 1105920K
  class space    used 8298K, capacity 8853K, committed 8960K, reserved 1048576K
}
Event: 170.417 GC heap before
{Heap before GC invocations=1133 (full 3):
 def new generation   total 12416K, used 11330K [0x00000000f1c00000, 0x00000000f2970000, 0x00000000f6800000)
  eden space 11072K, 100% used [0x00000000f1c00000, 0x00000000f26d0000, 0x00000000f26d0000)
  from space 1344K,  19% used [0x00000000f26d0000, 0x00000000f2710938, 0x00000000f2820000)
  to   space 1344K,   0% used [0x00000000f2820000, 0x00000000f2820000, 0x00000000f2970000)
 tenured generation   total 27404K, used 26343K [0x00000000f6800000, 0x00000000f82c3000, 0x0000000100000000)
   the space 27404K,  96% used [0x00000000f6800000, 0x00000000f81b9f58, 0x00000000f81ba000, 0x00000000f82c3000)
 Metaspace       used 63066K, capacity 66246K, committed 66560K, reserved 1107968K
  class space    used 8346K, capacity 8887K, committed 8960K, reserved 1048576K
Event: 170.439 GC heap after
Heap after GC invocations=1134 (full 3):
 def new generation   total 12416K, used 428K [0x00000000f1c00000, 0x00000000f2970000, 0x00000000f6800000)
  eden space 11072K,   0% used [0x00000000f1c00000, 0x00000000f1c00000, 0x00000000f26d0000)
  from space 1344K,  31% used [0x00000000f2820000, 0x00000000f288b3e0, 0x00000000f2970000)
  to   space 1344K,   0% used [0x00000000f26d0000, 0x00000000f26d0000, 0x00000000f2820000)
 tenured generation   total 27404K, used 26343K [0x00000000f6800000, 0x00000000f82c3000, 0x0000000100000000)
   the space 27404K,  96% used [0x00000000f6800000, 0x00000000f81b9f58, 0x00000000f81ba000, 0x00000000f82c3000)
 Metaspace       used 63066K, capacity 66246K, committed 66560K, reserved 1107968K
  class space    used 8346K, capacity 8887K, committed 8960K, reserved 1048576K
}
Event: 170.763 GC heap before
{Heap before GC invocations=1134 (full 3):
 def new generation   total 12416K, used 11500K [0x00000000f1c00000, 0x00000000f2970000, 0x00000000f6800000)
  eden space 11072K, 100% used [0x00000000f1c00000, 0x00000000f26d0000, 0x00000000f26d0000)
  from space 1344K,  31% used [0x00000000f2820000, 0x00000000f288b3e0, 0x00000000f2970000)
  to   space 1344K,   0% used [0x00000000f26d0000, 0x00000000f26d0000, 0x00000000f2820000)
 tenured generation   total 27404K, used 26343K [0x00000000f6800000, 0x00000000f82c3000, 0x0000000100000000)
   the space 27404K,  96% used [0x00000000f6800000, 0x00000000f81b9f58, 0x00000000f81ba000, 0x00000000f82c3000)
 Metaspace       used 63422K, capacity 66574K, committed 66816K, reserved 1107968K
  class space    used 8399K, capacity 8953K, committed 8960K, reserved 1048576K
Event: 170.789 GC heap after
Heap after GC invocations=1135 (full 3):
 def new generation   total 12416K, used 637K [0x00000000f1c00000, 0x00000000f2970000, 0x00000000f6800000)
  eden space 11072K,   0% used [0x00000000f1c00000, 0x00000000f1c00000, 0x00000000f26d0000)
  from space 1344K,  47% used [0x00000000f26d0000, 0x00000000f276f420, 0x00000000f2820000)
  to   space 1344K,   0% used [0x00000000f2820000, 0x00000000f2820000, 0x00000000f2970000)
 tenured generation   total 27404K, used 26343K [0x00000000f6800000, 0x00000000f82c3000, 0x0000000100000000)
   the space 27404K,  96% used [0x00000000f6800000, 0x00000000f81b9f58, 0x00000000f81ba000, 0x00000000f82c3000)
 Metaspace       used 63422K, capacity 66574K, committed 66816K, reserved 1107968K
  class space    used 8399K, capacity 8953K, committed 8960K, reserved 1048576K
}
Event: 173.024 GC heap before
{Heap before GC invocations=1135 (full 3):
 def new generation   total 12416K, used 11709K [0x00000000f1c00000, 0x00000000f2970000, 0x00000000f6800000)
  eden space 11072K, 100% used [0x00000000f1c00000, 0x00000000f26d0000, 0x00000000f26d0000)
  from space 1344K,  47% used [0x00000000f26d0000, 0x00000000f276f420, 0x00000000f2820000)
  to   space 1344K,   0% used [0x00000000f2820000, 0x00000000f2820000, 0x00000000f2970000)
 tenured generation   total 27404K, used 26343K [0x00000000f6800000, 0x00000000f82c3000, 0x0000000100000000)
   the space 27404K,  96% used [0x00000000f6800000, 0x00000000f81b9f58, 0x00000000f81ba000, 0x00000000f82c3000)
 Metaspace       used 63747K, capacity 67058K, committed 67200K, reserved 1107968K
  class space    used 8442K, capacity 9007K, committed 9088K, reserved 1048576K
Event: 173.063 GC heap after
Heap after GC invocations=1136 (full 3):
 def new generation   total 12416K, used 1296K [0x00000000f1c00000, 0x00000000f2970000, 0x00000000f6800000)
  eden space 11072K,   0% used [0x00000000f1c00000, 0x00000000f1c00000, 0x00000000f26d0000)
  from space 1344K,  96% used [0x00000000f2820000, 0x00000000f2964298, 0x00000000f2970000)
  to   space 1344K,   0% used [0x00000000f26d0000, 0x00000000f26d0000, 0x00000000f2820000)
 tenured generation   total 27404K, used 26343K [0x00000000f6800000, 0x00000000f82c3000, 0x0000000100000000)
   the space 27404K,  96% used [0x00000000f6800000, 0x00000000f81b9f58, 0x00000000f81ba000, 0x00000000f82c3000)
 Metaspace       used 63747K, capacity 67058K, committed 67200K, reserved 1107968K
  class space    used 8442K, capacity 9007K, committed 9088K, reserved 1048576K
}

